<?xml version="1.0" encoding="UTF-8"?>
<testng-results ignored="0" total="4" passed="4" failed="0" skipped="0">
  <reporter-output>
  </reporter-output>
  <suite started-at="2022-09-22T07:40:28 IDT" name="Address Book Suite" finished-at="2022-09-22T07:42:45 IDT" duration-ms="137111">
    <groups>
    </groups>
    <test started-at="2022-09-22T07:40:28 IDT" name="Address Book Test 1" finished-at="2022-09-22T07:41:04 IDT" duration-ms="35865">
      <class name="address.TestAddressWebsite">
        <test-method is-config="true" signature="openBrowserAndSignIn()[pri:0, instance:address.TestAddressWebsite@37d00a23]" started-at="2022-09-22T07:40:28 IDT" name="openBrowserAndSignIn" finished-at="2022-09-22T07:40:42 IDT" duration-ms="14065" status="PASS">
          <reporter-output>
          </reporter-output>
        </test-method> <!-- openBrowserAndSignIn -->
        <test-method signature="testCreateAddress(java.lang.String,java.lang.String,java.lang.String,java.lang.String,java.lang.String,java.lang.String,java.lang.String)[pri:0, instance:address.TestAddressWebsite@37d00a23]" started-at="2022-09-22T07:40:42 IDT" name="testCreateAddress" finished-at="2022-09-22T07:40:59 IDT" duration-ms="16457" status="PASS">
          <params>
            <param index="0">
              <value>
                <![CDATA[Tasneem]]>
              </value>
            </param>
            <param index="1">
              <value>
                <![CDATA[Zahdeh]]>
              </value>
            </param>
            <param index="2">
              <value>
                <![CDATA[123 David Road]]>
              </value>
            </param>
            <param index="3">
              <value>
                <![CDATA[New York]]>
              </value>
            </param>
            <param index="4">
              <value>
                <![CDATA[Alabama]]>
              </value>
            </param>
            <param index="5">
              <value>
                <![CDATA[123123]]>
              </value>
            </param>
            <param index="6">
              <value>
                <![CDATA[United States]]>
              </value>
            </param>
          </params>
          <reporter-output>
          </reporter-output>
        </test-method> <!-- testCreateAddress -->
        <test-method is-config="true" signature="signOutAndClose()[pri:0, instance:address.TestAddressWebsite@37d00a23]" started-at="2022-09-22T07:40:59 IDT" name="signOutAndClose" finished-at="2022-09-22T07:41:04 IDT" duration-ms="5318" status="PASS">
          <reporter-output>
          </reporter-output>
        </test-method> <!-- signOutAndClose -->
      </class> <!-- address.TestAddressWebsite -->
    </test> <!-- Address Book Test 1 -->
    <test started-at="2022-09-22T07:41:04 IDT" name="Address Book Test 2" finished-at="2022-09-22T07:41:42 IDT" duration-ms="37838">
      <class name="address.TestAddressWebsite">
        <test-method is-config="true" signature="openBrowserAndSignIn()[pri:0, instance:address.TestAddressWebsite@3703bf3c]" started-at="2022-09-22T07:41:04 IDT" name="openBrowserAndSignIn" finished-at="2022-09-22T07:41:23 IDT" duration-ms="18729" status="PASS">
          <reporter-output>
          </reporter-output>
        </test-method> <!-- openBrowserAndSignIn -->
        <test-method signature="testCreateAddress(java.lang.String,java.lang.String,java.lang.String,java.lang.String,java.lang.String,java.lang.String,java.lang.String)[pri:0, instance:address.TestAddressWebsite@3703bf3c]" started-at="2022-09-22T07:41:23 IDT" name="testCreateAddress" finished-at="2022-09-22T07:41:38 IDT" duration-ms="15172" status="PASS">
          <params>
            <param index="0">
              <value>
                <![CDATA[Layan]]>
              </value>
            </param>
            <param index="1">
              <value>
                <![CDATA[Khater]]>
              </value>
            </param>
            <param index="2">
              <value>
                <![CDATA[45 Thomas Road]]>
              </value>
            </param>
            <param index="3">
              <value>
                <![CDATA[New Jersey]]>
              </value>
            </param>
            <param index="4">
              <value>
                <![CDATA[Arizona]]>
              </value>
            </param>
            <param index="5">
              <value>
                <![CDATA[434343]]>
              </value>
            </param>
            <param index="6">
              <value>
                <![CDATA[Canada]]>
              </value>
            </param>
          </params>
          <reporter-output>
          </reporter-output>
        </test-method> <!-- testCreateAddress -->
        <test-method is-config="true" signature="signOutAndClose()[pri:0, instance:address.TestAddressWebsite@3703bf3c]" started-at="2022-09-22T07:41:38 IDT" name="signOutAndClose" finished-at="2022-09-22T07:41:42 IDT" duration-ms="3935" status="PASS">
          <reporter-output>
          </reporter-output>
        </test-method> <!-- signOutAndClose -->
      </class> <!-- address.TestAddressWebsite -->
    </test> <!-- Address Book Test 2 -->
    <test started-at="2022-09-22T07:41:42 IDT" name="Address Book Test 3" finished-at="2022-09-22T07:42:13 IDT" duration-ms="31329">
      <class name="address.TestAddressWebsite">
        <test-method is-config="true" signature="openBrowserAndSignIn()[pri:0, instance:address.TestAddressWebsite@76954a33]" started-at="2022-09-22T07:41:42 IDT" name="openBrowserAndSignIn" finished-at="2022-09-22T07:41:56 IDT" duration-ms="14241" status="PASS">
          <reporter-output>
          </reporter-output>
        </test-method> <!-- openBrowserAndSignIn -->
        <test-method signature="testCreateAddress(java.lang.String,java.lang.String,java.lang.String,java.lang.String,java.lang.String,java.lang.String,java.lang.String)[pri:0, instance:address.TestAddressWebsite@76954a33]" started-at="2022-09-22T07:41:56 IDT" name="testCreateAddress" finished-at="2022-09-22T07:42:10 IDT" duration-ms="13409" status="PASS">
          <params>
            <param index="0">
              <value>
                <![CDATA[Sally]]>
              </value>
            </param>
            <param index="1">
              <value>
                <![CDATA[Manasrah]]>
              </value>
            </param>
            <param index="2">
              <value>
                <![CDATA[16 Goarge Street]]>
              </value>
            </param>
            <param index="3">
              <value>
                <![CDATA[Chicago]]>
              </value>
            </param>
            <param index="4">
              <value>
                <![CDATA[Indiana]]>
              </value>
            </param>
            <param index="5">
              <value>
                <![CDATA[2332333]]>
              </value>
            </param>
            <param index="6">
              <value>
                <![CDATA[Canada]]>
              </value>
            </param>
          </params>
          <reporter-output>
          </reporter-output>
        </test-method> <!-- testCreateAddress -->
        <test-method is-config="true" signature="signOutAndClose()[pri:0, instance:address.TestAddressWebsite@76954a33]" started-at="2022-09-22T07:42:10 IDT" name="signOutAndClose" finished-at="2022-09-22T07:42:13 IDT" duration-ms="3674" status="PASS">
          <reporter-output>
          </reporter-output>
        </test-method> <!-- signOutAndClose -->
      </class> <!-- address.TestAddressWebsite -->
    </test> <!-- Address Book Test 3 -->
    <test started-at="2022-09-22T07:42:13 IDT" name="Address Book Test 4" finished-at="2022-09-22T07:42:45 IDT" duration-ms="32034">
      <class name="address.TestAddressWebsite">
        <test-method is-config="true" signature="openBrowserAndSignIn()[pri:0, instance:address.TestAddressWebsite@77bd7fe7]" started-at="2022-09-22T07:42:13 IDT" name="openBrowserAndSignIn" finished-at="2022-09-22T07:42:28 IDT" duration-ms="15058" status="PASS">
          <reporter-output>
          </reporter-output>
        </test-method> <!-- openBrowserAndSignIn -->
        <test-method signature="testCreateAddress(java.lang.String,java.lang.String,java.lang.String,java.lang.String,java.lang.String,java.lang.String,java.lang.String)[pri:0, instance:address.TestAddressWebsite@77bd7fe7]" started-at="2022-09-22T07:42:28 IDT" name="testCreateAddress" finished-at="2022-09-22T07:42:42 IDT" duration-ms="13354" status="PASS">
          <params>
            <param index="0">
              <value>
                <![CDATA[Razan]]>
              </value>
            </param>
            <param index="1">
              <value>
                <![CDATA[Saeed]]>
              </value>
            </param>
            <param index="2">
              <value>
                <![CDATA[PO BOX 154]]>
              </value>
            </param>
            <param index="3">
              <value>
                <![CDATA[San Francisco]]>
              </value>
            </param>
            <param index="4">
              <value>
                <![CDATA[California]]>
              </value>
            </param>
            <param index="5">
              <value>
                <![CDATA[181818]]>
              </value>
            </param>
            <param index="6">
              <value>
                <![CDATA[United States]]>
              </value>
            </param>
          </params>
          <reporter-output>
          </reporter-output>
        </test-method> <!-- testCreateAddress -->
        <test-method is-config="true" signature="signOutAndClose()[pri:0, instance:address.TestAddressWebsite@77bd7fe7]" started-at="2022-09-22T07:42:42 IDT" name="signOutAndClose" finished-at="2022-09-22T07:42:45 IDT" duration-ms="3619" status="PASS">
          <reporter-output>
          </reporter-output>
        </test-method> <!-- signOutAndClose -->
      </class> <!-- address.TestAddressWebsite -->
    </test> <!-- Address Book Test 4 -->
  </suite> <!-- Address Book Suite -->
</testng-results>
