<?xml version="1.0" encoding="UTF-8"?>
<testng-results ignored="1" total="2" passed="1" failed="0" skipped="0">
  <reporter-output>
  </reporter-output>
  <suite started-at="2022-09-23T11:50:57 IDT" name="Default suite" finished-at="2022-09-23T11:51:23 IDT" duration-ms="26505">
    <groups>
    </groups>
    <test started-at="2022-09-23T11:50:57 IDT" name="Default test" finished-at="2022-09-23T11:51:23 IDT" duration-ms="26505">
      <class name="address.TestAddressWebsite">
        <test-method is-config="true" signature="openBrowserAndSignIn()[pri:0, instance:address.TestAddressWebsite@1623bbe5]" started-at="2022-09-23T11:50:57 IDT" name="openBrowserAndSignIn" finished-at="2022-09-23T11:51:11 IDT" duration-ms="13682" status="PASS">
          <reporter-output>
          </reporter-output>
        </test-method> <!-- openBrowserAndSignIn -->
        <test-method signature="testViewAddress()[pri:0, instance:address.TestAddressWebsite@1623bbe5]" started-at="2022-09-23T11:51:11 IDT" name="testViewAddress" finished-at="2022-09-23T11:51:20 IDT" duration-ms="9135" status="PASS">
          <reporter-output>
          </reporter-output>
        </test-method> <!-- testViewAddress -->
        <test-method is-config="true" signature="signOutAndClose()[pri:0, instance:address.TestAddressWebsite@1623bbe5]" started-at="2022-09-23T11:51:20 IDT" name="signOutAndClose" finished-at="2022-09-23T11:51:23 IDT" duration-ms="3656" status="PASS">
          <reporter-output>
          </reporter-output>
        </test-method> <!-- signOutAndClose -->
      </class> <!-- address.TestAddressWebsite -->
    </test> <!-- Default test -->
  </suite> <!-- Default suite -->
</testng-results>
