<?xml version="1.0" encoding="UTF-8"?>
<testng-results ignored="0" total="8" passed="4" failed="1" skipped="3">
  <reporter-output>
  </reporter-output>
  <suite started-at="2022-09-28T23:23:27 IDT" name="testng-suite" finished-at="2022-09-28T23:24:49 IDT" duration-ms="82631">
    <groups>
    </groups>
    <test started-at="2022-09-28T23:23:27 IDT" name="test-case-1" finished-at="2022-09-28T23:24:06 IDT" duration-ms="39124">
      <class name="trello.TrelloUsageTest">
        <test-method is-config="true" signature="prepareTestEnvironment(java.lang.String)[pri:0, instance:trello.TrelloUsageTest@55b699ef]" started-at="2022-09-28T23:23:27 IDT" name="prepareTestEnvironment" finished-at="2022-09-28T23:23:33 IDT" duration-ms="5979" status="PASS">
          <params>
            <param index="0">
              <value>
                <![CDATA[chrome]]>
              </value>
            </param>
          </params>
          <reporter-output>
          </reporter-output>
        </test-method> <!-- prepareTestEnvironment -->
        <test-method signature="testDownloadFile(java.lang.String,java.lang.String,java.lang.String)[pri:0, instance:trello.TrelloUsageTest@55b699ef]" started-at="2022-09-28T23:23:33 IDT" name="testDownloadFile" finished-at="2022-09-28T23:23:48 IDT" duration-ms="14965" status="PASS">
          <params>
            <param index="0">
              <value>
                <![CDATA[First Board]]>
              </value>
            </param>
            <param index="1">
              <value>
                <![CDATA[card one]]>
              </value>
            </param>
            <param index="2">
              <value>
                <![CDATA[This is the description of the card.]]>
              </value>
            </param>
          </params>
          <reporter-output>
          </reporter-output>
        </test-method> <!-- testDownloadFile -->
        <test-method signature="testFileContent()[pri:0, instance:trello.TrelloUsageTest@55b699ef]" started-at="2022-09-28T23:23:48 IDT" name="testFileContent" finished-at="2022-09-28T23:23:48 IDT" depends-on-methods="trello.TrelloUsageTest.testDownloadFile" duration-ms="118" status="PASS">
          <reporter-output>
          </reporter-output>
        </test-method> <!-- testFileContent -->
        <test-method signature="testUserAction(java.lang.String)[pri:0, instance:trello.TrelloUsageTest@55b699ef]" started-at="2022-09-28T23:23:48 IDT" name="testUserAction" finished-at="2022-09-28T23:23:52 IDT" depends-on-methods="trello.TrelloUsageTest.testFileContent, trello.TrelloUsageTest.testDownloadFile" duration-ms="3894" status="PASS">
          <params>
            <param index="0">
              <value>
                <![CDATA[my second card]]>
              </value>
            </param>
          </params>
          <reporter-output>
          </reporter-output>
        </test-method> <!-- testUserAction -->
        <test-method signature="testDeletingCard()[pri:0, instance:trello.TrelloUsageTest@55b699ef]" started-at="2022-09-28T23:23:52 IDT" name="testDeletingCard" finished-at="2022-09-28T23:24:04 IDT" depends-on-methods="trello.TrelloUsageTest.testUserAction, trello.TrelloUsageTest.testFileContent, trello.TrelloUsageTest.testDownloadFile" duration-ms="12299" status="PASS">
          <reporter-output>
          </reporter-output>
        </test-method> <!-- testDeletingCard -->
        <test-method is-config="true" signature="clearTestSession()[pri:0, instance:trello.TrelloUsageTest@55b699ef]" started-at="2022-09-28T23:24:04 IDT" name="clearTestSession" finished-at="2022-09-28T23:24:06 IDT" duration-ms="1839" status="PASS">
          <reporter-output>
          </reporter-output>
        </test-method> <!-- clearTestSession -->
      </class> <!-- trello.TrelloUsageTest -->
    </test> <!-- test-case-1 -->
    <test started-at="2022-09-28T23:24:06 IDT" name="test-case-2" finished-at="2022-09-28T23:24:49 IDT" duration-ms="43476">
      <class name="trello.TrelloUsageTest">
        <test-method is-config="true" signature="prepareTestEnvironment(java.lang.String)[pri:0, instance:trello.TrelloUsageTest@408d971b]" started-at="2022-09-28T23:24:06 IDT" name="prepareTestEnvironment" finished-at="2022-09-28T23:24:26 IDT" duration-ms="19729" status="PASS">
          <params>
            <param index="0">
              <value>
                <![CDATA[edge]]>
              </value>
            </param>
          </params>
          <reporter-output>
          </reporter-output>
        </test-method> <!-- prepareTestEnvironment -->
        <test-method signature="testDownloadFile(java.lang.String,java.lang.String,java.lang.String)[pri:0, instance:trello.TrelloUsageTest@408d971b]" started-at="2022-09-28T23:24:26 IDT" name="testDownloadFile" finished-at="2022-09-28T23:24:46 IDT" duration-ms="19962" status="FAIL">
          <params>
            <param index="0">
              <value>
                <![CDATA[First Board]]>
              </value>
            </param>
            <param index="1">
              <value>
                <![CDATA[card one]]>
              </value>
            </param>
            <param index="2">
              <value>
                <![CDATA[This is the description of the card.]]>
              </value>
            </param>
          </params>
          <exception class="org.openqa.selenium.ElementNotInteractableException">
            <message>
              <![CDATA[element not interactable
  (Session info: MicrosoftEdge=105.0.1343.50)
Build info: version: '4.4.0', revision: 'e5c75ed026a'
System info: host: 'LAPTOP-BDELJV31', ip: '10.0.0.31', os.name: 'Windows 11', os.arch: 'amd64', os.version: '10.0', java.version: '17.0.4'
Driver info: org.openqa.selenium.edge.EdgeDriver
Command: [1b0a0fe4235874f2198be3a2a94392ec, clickElement {id=7b38f3f4-5f2f-47eb-9e01-1544d5ea941b}]
Capabilities {acceptInsecureCerts: false, browserName: msedge, browserVersion: 105.0.1343.50, ms:edgeOptions: {debuggerAddress: localhost:55864}, msedge: {msedgedriverVersion: 105.0.1343.33 (4122bb4646b3..., userDataDir: C:\Users\USER\AppData\Local...}, networkConnectionEnabled: false, pageLoadStrategy: normal, platformName: WINDOWS, proxy: Proxy(), se:cdp: ws://localhost:55864/devtoo..., se:cdpVersion: 105.0.1343.50, setWindowRect: true, strictFileInteractability: false, timeouts: {implicit: 0, pageLoad: 300000, script: 30000}, unhandledPromptBehavior: dismiss and notify, webauthn:extension:credBlob: true, webauthn:extension:largeBlob: true, webauthn:virtualAuthenticators: true}
Element: [[EdgeDriver: msedge on WINDOWS (1b0a0fe4235874f2198be3a2a94392ec)] -> link text: Add a card]
Session ID: 1b0a0fe4235874f2198be3a2a94392ec]]>
            </message>
            <full-stacktrace>
              <![CDATA[org.openqa.selenium.ElementNotInteractableException: element not interactable
  (Session info: MicrosoftEdge=105.0.1343.50)
Build info: version: '4.4.0', revision: 'e5c75ed026a'
System info: host: 'LAPTOP-BDELJV31', ip: '10.0.0.31', os.name: 'Windows 11', os.arch: 'amd64', os.version: '10.0', java.version: '17.0.4'
Driver info: org.openqa.selenium.edge.EdgeDriver
Command: [1b0a0fe4235874f2198be3a2a94392ec, clickElement {id=7b38f3f4-5f2f-47eb-9e01-1544d5ea941b}]
Capabilities {acceptInsecureCerts: false, browserName: msedge, browserVersion: 105.0.1343.50, ms:edgeOptions: {debuggerAddress: localhost:55864}, msedge: {msedgedriverVersion: 105.0.1343.33 (4122bb4646b3..., userDataDir: C:\Users\USER\AppData\Local...}, networkConnectionEnabled: false, pageLoadStrategy: normal, platformName: WINDOWS, proxy: Proxy(), se:cdp: ws://localhost:55864/devtoo..., se:cdpVersion: 105.0.1343.50, setWindowRect: true, strictFileInteractability: false, timeouts: {implicit: 0, pageLoad: 300000, script: 30000}, unhandledPromptBehavior: dismiss and notify, webauthn:extension:credBlob: true, webauthn:extension:largeBlob: true, webauthn:virtualAuthenticators: true}
Element: [[EdgeDriver: msedge on WINDOWS (1b0a0fe4235874f2198be3a2a94392ec)] -> link text: Add a card]
Session ID: 1b0a0fe4235874f2198be3a2a94392ec
at java.base/jdk.internal.reflect.NativeConstructorAccessorImpl.newInstance0(Native Method)
at java.base/jdk.internal.reflect.NativeConstructorAccessorImpl.newInstance(NativeConstructorAccessorImpl.java:77)
at java.base/jdk.internal.reflect.DelegatingConstructorAccessorImpl.newInstance(DelegatingConstructorAccessorImpl.java:45)
at java.base/java.lang.reflect.Constructor.newInstanceWithCaller(Constructor.java:499)
at java.base/java.lang.reflect.Constructor.newInstance(Constructor.java:480)
at org.openqa.selenium.remote.codec.w3c.W3CHttpResponseCodec.createException(W3CHttpResponseCodec.java:200)
at org.openqa.selenium.remote.codec.w3c.W3CHttpResponseCodec.decode(W3CHttpResponseCodec.java:133)
at org.openqa.selenium.remote.codec.w3c.W3CHttpResponseCodec.decode(W3CHttpResponseCodec.java:53)
at org.openqa.selenium.remote.HttpCommandExecutor.execute(HttpCommandExecutor.java:184)
at org.openqa.selenium.remote.service.DriverCommandExecutor.invokeExecute(DriverCommandExecutor.java:167)
at org.openqa.selenium.remote.service.DriverCommandExecutor.execute(DriverCommandExecutor.java:142)
at org.openqa.selenium.remote.RemoteWebDriver.execute(RemoteWebDriver.java:547)
at org.openqa.selenium.remote.RemoteWebElement.execute(RemoteWebElement.java:257)
at org.openqa.selenium.remote.RemoteWebElement.click(RemoteWebElement.java:78)
at pages.Board.createCardWithTitle(Board.java:43)
at trello.TrelloUsageTest.testDownloadFile(TrelloUsageTest.java:74)
at java.base/jdk.internal.reflect.NativeMethodAccessorImpl.invoke0(Native Method)
at java.base/jdk.internal.reflect.NativeMethodAccessorImpl.invoke(NativeMethodAccessorImpl.java:77)
at java.base/jdk.internal.reflect.DelegatingMethodAccessorImpl.invoke(DelegatingMethodAccessorImpl.java:43)
at java.base/java.lang.reflect.Method.invoke(Method.java:568)
at org.testng.internal.invokers.MethodInvocationHelper.invokeMethod(MethodInvocationHelper.java:139)
at org.testng.internal.invokers.TestInvoker.invokeMethod(TestInvoker.java:677)
at org.testng.internal.invokers.TestInvoker.invokeTestMethod(TestInvoker.java:221)
at org.testng.internal.invokers.MethodRunner.runInSequence(MethodRunner.java:50)
at org.testng.internal.invokers.TestInvoker$MethodInvocationAgent.invoke(TestInvoker.java:962)
at org.testng.internal.invokers.TestInvoker.invokeTestMethods(TestInvoker.java:194)
at org.testng.internal.invokers.TestMethodWorker.invokeTestMethods(TestMethodWorker.java:148)
at org.testng.internal.invokers.TestMethodWorker.run(TestMethodWorker.java:128)
at java.base/java.util.ArrayList.forEach(ArrayList.java:1511)
at org.testng.TestRunner.privateRun(TestRunner.java:806)
at org.testng.TestRunner.run(TestRunner.java:601)
at org.testng.SuiteRunner.runTest(SuiteRunner.java:433)
at org.testng.SuiteRunner.runSequentially(SuiteRunner.java:427)
at org.testng.SuiteRunner.privateRun(SuiteRunner.java:387)
at org.testng.SuiteRunner.run(SuiteRunner.java:330)
at org.testng.SuiteRunnerWorker.runSuite(SuiteRunnerWorker.java:52)
at org.testng.SuiteRunnerWorker.run(SuiteRunnerWorker.java:95)
at org.testng.TestNG.runSuitesSequentially(TestNG.java:1256)
at org.testng.TestNG.runSuitesLocally(TestNG.java:1176)
at org.testng.TestNG.runSuites(TestNG.java:1099)
at org.testng.TestNG.run(TestNG.java:1067)
at org.testng.remote.AbstractRemoteTestNG.run(AbstractRemoteTestNG.java:115)
at org.testng.remote.RemoteTestNG.initAndRun(RemoteTestNG.java:251)
at org.testng.remote.RemoteTestNG.main(RemoteTestNG.java:77)
]]>
            </full-stacktrace>
          </exception> <!-- org.openqa.selenium.ElementNotInteractableException -->
          <reporter-output>
          </reporter-output>
        </test-method> <!-- testDownloadFile -->
        <test-method signature="testFileContent()[pri:0, instance:trello.TrelloUsageTest@408d971b]" started-at="2022-09-28T23:24:46 IDT" name="testFileContent" finished-at="2022-09-28T23:24:46 IDT" depends-on-methods="trello.TrelloUsageTest.testDownloadFile" duration-ms="0" status="SKIP">
          <exception class="java.lang.Throwable">
            <message>
              <![CDATA[Method trello.TrelloUsageTest.testFileContent() on instance trello.TrelloUsageTest@408d971b depends on not successfully finished methods 
[trello.TrelloUsageTest.testDownloadFile() on instance trello.TrelloUsageTest@408d971b]]]>
            </message>
            <full-stacktrace>
              <![CDATA[java.lang.Throwable: Method trello.TrelloUsageTest.testFileContent() on instance trello.TrelloUsageTest@408d971b depends on not successfully finished methods 
[trello.TrelloUsageTest.testDownloadFile() on instance trello.TrelloUsageTest@408d971b]
at org.testng.internal.invokers.TestInvoker.invokeTestMethods(TestInvoker.java:150)
at org.testng.internal.invokers.TestMethodWorker.invokeTestMethods(TestMethodWorker.java:148)
at org.testng.internal.invokers.TestMethodWorker.run(TestMethodWorker.java:128)
at java.base/java.util.ArrayList.forEach(ArrayList.java:1511)
at org.testng.TestRunner.privateRun(TestRunner.java:806)
at org.testng.TestRunner.run(TestRunner.java:601)
at org.testng.SuiteRunner.runTest(SuiteRunner.java:433)
at org.testng.SuiteRunner.runSequentially(SuiteRunner.java:427)
at org.testng.SuiteRunner.privateRun(SuiteRunner.java:387)
at org.testng.SuiteRunner.run(SuiteRunner.java:330)
at org.testng.SuiteRunnerWorker.runSuite(SuiteRunnerWorker.java:52)
at org.testng.SuiteRunnerWorker.run(SuiteRunnerWorker.java:95)
at org.testng.TestNG.runSuitesSequentially(TestNG.java:1256)
at org.testng.TestNG.runSuitesLocally(TestNG.java:1176)
at org.testng.TestNG.runSuites(TestNG.java:1099)
at org.testng.TestNG.run(TestNG.java:1067)
at org.testng.remote.AbstractRemoteTestNG.run(AbstractRemoteTestNG.java:115)
at org.testng.remote.RemoteTestNG.initAndRun(RemoteTestNG.java:251)
at org.testng.remote.RemoteTestNG.main(RemoteTestNG.java:77)
]]>
            </full-stacktrace>
          </exception> <!-- java.lang.Throwable -->
          <reporter-output>
          </reporter-output>
        </test-method> <!-- testFileContent -->
        <test-method signature="testUserAction(java.lang.String)[pri:0, instance:trello.TrelloUsageTest@408d971b]" started-at="2022-09-28T23:24:46 IDT" name="testUserAction" finished-at="2022-09-28T23:24:46 IDT" depends-on-methods="trello.TrelloUsageTest.testFileContent, trello.TrelloUsageTest.testDownloadFile" duration-ms="0" status="SKIP">
          <exception class="java.lang.Throwable">
            <message>
              <![CDATA[Method trello.TrelloUsageTest.testUserAction() on instance trello.TrelloUsageTest@408d971b depends on not successfully finished methods 
[trello.TrelloUsageTest.testFileContent() on instance trello.TrelloUsageTest@408d971b
trello.TrelloUsageTest.testDownloadFile() on instance trello.TrelloUsageTest@408d971b]]]>
            </message>
            <full-stacktrace>
              <![CDATA[java.lang.Throwable: Method trello.TrelloUsageTest.testUserAction() on instance trello.TrelloUsageTest@408d971b depends on not successfully finished methods 
[trello.TrelloUsageTest.testFileContent() on instance trello.TrelloUsageTest@408d971b
trello.TrelloUsageTest.testDownloadFile() on instance trello.TrelloUsageTest@408d971b]
at org.testng.internal.invokers.TestInvoker.invokeTestMethods(TestInvoker.java:150)
at org.testng.internal.invokers.TestMethodWorker.invokeTestMethods(TestMethodWorker.java:148)
at org.testng.internal.invokers.TestMethodWorker.run(TestMethodWorker.java:128)
at java.base/java.util.ArrayList.forEach(ArrayList.java:1511)
at org.testng.TestRunner.privateRun(TestRunner.java:806)
at org.testng.TestRunner.run(TestRunner.java:601)
at org.testng.SuiteRunner.runTest(SuiteRunner.java:433)
at org.testng.SuiteRunner.runSequentially(SuiteRunner.java:427)
at org.testng.SuiteRunner.privateRun(SuiteRunner.java:387)
at org.testng.SuiteRunner.run(SuiteRunner.java:330)
at org.testng.SuiteRunnerWorker.runSuite(SuiteRunnerWorker.java:52)
at org.testng.SuiteRunnerWorker.run(SuiteRunnerWorker.java:95)
at org.testng.TestNG.runSuitesSequentially(TestNG.java:1256)
at org.testng.TestNG.runSuitesLocally(TestNG.java:1176)
at org.testng.TestNG.runSuites(TestNG.java:1099)
at org.testng.TestNG.run(TestNG.java:1067)
at org.testng.remote.AbstractRemoteTestNG.run(AbstractRemoteTestNG.java:115)
at org.testng.remote.RemoteTestNG.initAndRun(RemoteTestNG.java:251)
at org.testng.remote.RemoteTestNG.main(RemoteTestNG.java:77)
]]>
            </full-stacktrace>
          </exception> <!-- java.lang.Throwable -->
          <reporter-output>
          </reporter-output>
        </test-method> <!-- testUserAction -->
        <test-method signature="testDeletingCard()[pri:0, instance:trello.TrelloUsageTest@408d971b]" started-at="2022-09-28T23:24:46 IDT" name="testDeletingCard" finished-at="2022-09-28T23:24:46 IDT" depends-on-methods="trello.TrelloUsageTest.testUserAction, trello.TrelloUsageTest.testFileContent, trello.TrelloUsageTest.testDownloadFile" duration-ms="0" status="SKIP">
          <exception class="java.lang.Throwable">
            <message>
              <![CDATA[Method trello.TrelloUsageTest.testDeletingCard() on instance trello.TrelloUsageTest@408d971b depends on not successfully finished methods 
[trello.TrelloUsageTest.testUserAction() on instance trello.TrelloUsageTest@408d971b
trello.TrelloUsageTest.testFileContent() on instance trello.TrelloUsageTest@408d971b
trello.TrelloUsageTest.testDownloadFile() on instance trello.TrelloUsageTest@408d971b]]]>
            </message>
            <full-stacktrace>
              <![CDATA[java.lang.Throwable: Method trello.TrelloUsageTest.testDeletingCard() on instance trello.TrelloUsageTest@408d971b depends on not successfully finished methods 
[trello.TrelloUsageTest.testUserAction() on instance trello.TrelloUsageTest@408d971b
trello.TrelloUsageTest.testFileContent() on instance trello.TrelloUsageTest@408d971b
trello.TrelloUsageTest.testDownloadFile() on instance trello.TrelloUsageTest@408d971b]
at org.testng.internal.invokers.TestInvoker.invokeTestMethods(TestInvoker.java:150)
at org.testng.internal.invokers.TestMethodWorker.invokeTestMethods(TestMethodWorker.java:148)
at org.testng.internal.invokers.TestMethodWorker.run(TestMethodWorker.java:128)
at java.base/java.util.ArrayList.forEach(ArrayList.java:1511)
at org.testng.TestRunner.privateRun(TestRunner.java:806)
at org.testng.TestRunner.run(TestRunner.java:601)
at org.testng.SuiteRunner.runTest(SuiteRunner.java:433)
at org.testng.SuiteRunner.runSequentially(SuiteRunner.java:427)
at org.testng.SuiteRunner.privateRun(SuiteRunner.java:387)
at org.testng.SuiteRunner.run(SuiteRunner.java:330)
at org.testng.SuiteRunnerWorker.runSuite(SuiteRunnerWorker.java:52)
at org.testng.SuiteRunnerWorker.run(SuiteRunnerWorker.java:95)
at org.testng.TestNG.runSuitesSequentially(TestNG.java:1256)
at org.testng.TestNG.runSuitesLocally(TestNG.java:1176)
at org.testng.TestNG.runSuites(TestNG.java:1099)
at org.testng.TestNG.run(TestNG.java:1067)
at org.testng.remote.AbstractRemoteTestNG.run(AbstractRemoteTestNG.java:115)
at org.testng.remote.RemoteTestNG.initAndRun(RemoteTestNG.java:251)
at org.testng.remote.RemoteTestNG.main(RemoteTestNG.java:77)
]]>
            </full-stacktrace>
          </exception> <!-- java.lang.Throwable -->
          <reporter-output>
          </reporter-output>
        </test-method> <!-- testDeletingCard -->
        <test-method is-config="true" signature="clearTestSession()[pri:0, instance:trello.TrelloUsageTest@408d971b]" started-at="2022-09-28T23:24:46 IDT" name="clearTestSession" finished-at="2022-09-28T23:24:49 IDT" duration-ms="3764" status="PASS">
          <reporter-output>
          </reporter-output>
        </test-method> <!-- clearTestSession -->
        <test-method is-config="true" signature="shutDown()[pri:0, instance:trello.TrelloUsageTest@408d971b]" started-at="2022-09-28T23:24:49 IDT" name="shutDown" finished-at="2022-09-28T23:24:50 IDT" duration-ms="147" status="PASS">
          <reporter-output>
          </reporter-output>
        </test-method> <!-- shutDown -->
      </class> <!-- trello.TrelloUsageTest -->
    </test> <!-- test-case-2 -->
  </suite> <!-- testng-suite -->
</testng-results>
