<?xml version="1.0" encoding="UTF-8"?>
<testng-results ignored="0" total="1" passed="1" failed="0" skipped="0">
  <reporter-output>
  </reporter-output>
  <suite started-at="2022-09-28T00:55:08 IDT" name="testng-suite" finished-at="2022-09-28T00:55:53 IDT" duration-ms="44992">
    <groups>
    </groups>
    <test started-at="2022-09-28T00:55:08 IDT" name="Work on Trello" finished-at="2022-09-28T00:55:53 IDT" duration-ms="44992">
      <class name="trello.TrelloUsageTest">
        <test-method signature="testLoginIn(java.lang.String,java.lang.String,java.lang.String,java.lang.String,java.lang.String)[pri:0, instance:trello.TrelloUsageTest@1bd4fdd]" started-at="2022-09-28T00:55:08 IDT" name="testLoginIn" finished-at="2022-09-28T00:55:53 IDT" duration-ms="44961" status="PASS">
          <params>
            <param index="0">
              <value>
                <![CDATA[chrome]]>
              </value>
            </param>
            <param index="1">
              <value>
                <![CDATA[First Board]]>
              </value>
            </param>
            <param index="2">
              <value>
                <![CDATA[card one]]>
              </value>
            </param>
            <param index="3">
              <value>
                <![CDATA[This is the description of the card.]]>
              </value>
            </param>
            <param index="4">
              <value>
                <![CDATA[my second card]]>
              </value>
            </param>
          </params>
          <reporter-output>
          </reporter-output>
        </test-method> <!-- testLoginIn -->
        <test-method is-config="true" signature="shutDown()[pri:0, instance:trello.TrelloUsageTest@1bd4fdd]" started-at="2022-09-28T00:55:53 IDT" name="shutDown" finished-at="2022-09-28T00:55:54 IDT" duration-ms="260" status="PASS">
          <reporter-output>
          </reporter-output>
        </test-method> <!-- shutDown -->
      </class> <!-- trello.TrelloUsageTest -->
    </test> <!-- Work on Trello -->
  </suite> <!-- testng-suite -->
</testng-results>
