<?xml version="1.0" encoding="UTF-8"?>
<!-- Generated by org.testng.reporters.JUnitXMLReporter -->
<testsuite ignored="1" hostname="LAPTOP-BDELJV31" failures="0" tests="1" name="Default test" time="26.505" errors="0" timestamp="2022-09-23T11:51:23 IDT">
  <testcase classname="address.TestAddressWebsite" name="testViewAddress" time="9.135"/>
  <testcase classname="address.TestAddressWebsite" name="testCreateAddress" time="0.0">
    <ignored/>
  </testcase> <!-- testCreateAddress -->
</testsuite> <!-- Default test -->
